[2016-10-22 03:29:48] production.DEBUG: exception 'Flarum\Http\Exception\RouteNotFoundException' in /home/wwwroot/flarum/vendor/flarum/core/src/Http/Middleware/DispatchRoute.php:62
Stack trace:
#0 /home/wwwroot/flarum/vendor/zendframework/zend-stratigility/src/Dispatch.php(82): Flarum\Http\Middleware\DispatchRoute->__invoke(Object(Zend\Stratigility\Http\Request), Object(Zend\Stratigility\Http\Response), Object(Zend\Stratigility\Next))
#1 /home/wwwroot/flarum/vendor/zendframework/zend-stratigility/src/Next.php(113): Zend\Stratigility\Dispatch->__invoke(Object(Zend\Stratigility\Route), NULL, Object(Zend\Stratigility\Http\Request), Object(Zend\Stratigility\Http\Response), Object(Zend\Stratigility\Next))
#2 /home/wwwroot/flarum/vendor/flarum/core/src/Http/Middleware/SetLocale.php(50): Zend\Stratigility\Next->__invoke(Object(Zend\Stratigility\Http\Request), Object(Zend\Stratigility\Http\Response))
#3 /home/wwwroot/flarum/vendor/zendframework/zend-stratigility/src/Dispatch.php(82): Flarum\Http\Middleware\SetLocale->__invoke(Object(Zend\Stratigility\Http\Request), Object(Zend\Stratigility\Http\Response), Object(Zend\Stratigility\Next))
#4 /home/wwwroot/flarum/vendor/zendframework/zend-stratigility/src/Next.php(113): Zend\Stratigility\Dispatch->__invoke(Object(Zend\Stratigility\Route), NULL, Object(Zend\Stratigility\Http\Request), Object(Zend\Stratigility\Http\Response), Object(Zend\Stratigility\Next))
#5 /home/wwwroot/flarum/vendor/flarum/core/src/Http/Middleware/AuthenticateWithSession.php(33): Zend\Stratigility\Next->__invoke(Object(Zend\Stratigility\Http\Request), Object(Zend\Stratigility\Http\Response))
#6 /home/wwwroot/flarum/vendor/zendframework/zend-stratigility/src/Dispatch.php(82): Flarum\Http\Middleware\AuthenticateWithSession->__invoke(Object(Zend\Stratigility\Http\Request), Object(Zend\Stratigility\Http\Response), Object(Zend\Stratigility\Next))
#7 /home/wwwroot/flarum/vendor/zendframework/zend-stratigility/src/Next.php(113): Zend\Stratigility\Dispatch->__invoke(Object(Zend\Stratigility\Route), NULL, Object(Zend\Stratigility\Http\Request), Object(Zend\Stratigility\Http\Response), Object(Zend\Stratigility\Next))
#8 /home/wwwroot/flarum/vendor/flarum/core/src/Http/Middleware/RememberFromCookie.php(38): Zend\Stratigility\Next->__invoke(Object(Zend\Stratigility\Http\Request), Object(Zend\Stratigility\Http\Response))
#9 /home/wwwroot/flarum/vendor/zendframework/zend-stratigility/src/Dispatch.php(82): Flarum\Http\Middleware\RememberFromCookie->__invoke(Object(Zend\Stratigility\Http\Request), Object(Zend\Stratigility\Http\Response), Object(Zend\Stratigility\Next))
#10 /home/wwwroot/flarum/vendor/zendframework/zend-stratigility/src/Next.php(113): Zend\Stratigility\Dispatch->__invoke(Object(Zend\Stratigility\Route), NULL, Object(Zend\Stratigility\Http\Request), Object(Zend\Stratigility\Http\Response), Object(Zend\Stratigility\Next))
#11 /home/wwwroot/flarum/vendor/flarum/core/src/Http/Middleware/StartSession.php(33): Zend\Stratigility\Next->__invoke(Object(Zend\Stratigility\Http\Request), Object(Zend\Stratigility\Http\Response))
#12 /home/wwwroot/flarum/vendor/zendframework/zend-stratigility/src/Dispatch.php(82): Flarum\Http\Middleware\StartSession->__invoke(Object(Zend\Stratigility\Http\Request), Object(Zend\Stratigility\Http\Response), Object(Zend\Stratigility\Next))
#13 /home/wwwroot/flarum/vendor/zendframework/zend-stratigility/src/Next.php(113): Zend\Stratigility\Dispatch->__invoke(Object(Zend\Stratigility\Route), NULL, Object(Zend\Stratigility\Http\Request), Object(Zend\Stratigility\Http\Response), Object(Zend\Stratigility\Next))
#14 /home/wwwroot/flarum/vendor/flarum/core/src/Http/Middleware/ParseJsonBody.php(30): Zend\Stratigility\Next->__invoke(Object(Zend\Stratigility\Http\Request), Object(Zend\Stratigility\Http\Response))
#15 /home/wwwroot/flarum/vendor/zendframework/zend-stratigility/src/Dispatch.php(82): Flarum\Http\Middleware\ParseJsonBody->__invoke(Object(Zend\Stratigility\Http\Request), Object(Zend\Stratigility\Http\Response), Object(Zend\Stratigility\Next))
#16 /home/wwwroot/flarum/vendor/zendframework/zend-stratigility/src/Next.php(113): Zend\Stratigility\Dispatch->__invoke(Object(Zend\Stratigility\Route), NULL, Object(Zend\Stratigility\Http\Request), Object(Zend\Stratigility\Http\Response), Object(Zend\Stratigility\Next))
#17 /home/wwwroot/flarum/vendor/zendframework/zend-stratigility/src/MiddlewarePipe.php(75): Zend\Stratigility\Next->__invoke(Object(Zend\Stratigility\Http\Request), Object(Zend\Stratigility\Http\Response))
#18 /home/wwwroot/flarum/vendor/flarum/core/src/Http/AbstractServer.php(53): Zend\Stratigility\MiddlewarePipe->__invoke(Object(Zend\Diactoros\ServerRequest), Object(Zend\Diactoros\Response), NULL)
#19 /home/wwwroot/flarum/vendor/zendframework/zend-diactoros/src/Server.php(166): Flarum\Http\AbstractServer->__invoke(Object(Zend\Diactoros\ServerRequest), Object(Zend\Diactoros\Response), NULL)
#20 /home/wwwroot/flarum/vendor/flarum/core/src/Http/AbstractServer.php(34): Zend\Diactoros\Server->listen()
#21 /home/wwwroot/flarum/index.php(16): Flarum\Http\AbstractServer->listen()
#22 {main}  
[2016-10-22 03:36:31] production.DEBUG: exception 'Flarum\Http\Exception\RouteNotFoundException' in /home/wwwroot/flarum/vendor/flarum/core/src/Http/Middleware/DispatchRoute.php:62
Stack trace:
#0 /home/wwwroot/flarum/vendor/zendframework/zend-stratigility/src/Dispatch.php(82): Flarum\Http\Middleware\DispatchRoute->__invoke(Object(Zend\Stratigility\Http\Request), Object(Zend\Stratigility\Http\Response), Object(Zend\Stratigility\Next))
#1 /home/wwwroot/flarum/vendor/zendframework/zend-stratigility/src/Next.php(113): Zend\Stratigility\Dispatch->__invoke(Object(Zend\Stratigility\Route), NULL, Object(Zend\Stratigility\Http\Request), Object(Zend\Stratigility\Http\Response), Object(Zend\Stratigility\Next))
#2 /home/wwwroot/flarum/vendor/flarum/core/src/Http/Middleware/SetLocale.php(50): Zend\Stratigility\Next->__invoke(Object(Zend\Stratigility\Http\Request), Object(Zend\Stratigility\Http\Response))
#3 /home/wwwroot/flarum/vendor/zendframework/zend-stratigility/src/Dispatch.php(82): Flarum\Http\Middleware\SetLocale->__invoke(Object(Zend\Stratigility\Http\Request), Object(Zend\Stratigility\Http\Response), Object(Zend\Stratigility\Next))
#4 /home/wwwroot/flarum/vendor/zendframework/zend-stratigility/src/Next.php(113): Zend\Stratigility\Dispatch->__invoke(Object(Zend\Stratigility\Route), NULL, Object(Zend\Stratigility\Http\Request), Object(Zend\Stratigility\Http\Response), Object(Zend\Stratigility\Next))
#5 /home/wwwroot/flarum/vendor/flarum/core/src/Http/Middleware/AuthenticateWithSession.php(33): Zend\Stratigility\Next->__invoke(Object(Zend\Stratigility\Http\Request), Object(Zend\Stratigility\Http\Response))
#6 /home/wwwroot/flarum/vendor/zendframework/zend-stratigility/src/Dispatch.php(82): Flarum\Http\Middleware\AuthenticateWithSession->__invoke(Object(Zend\Stratigility\Http\Request), Object(Zend\Stratigility\Http\Response), Object(Zend\Stratigility\Next))
#7 /home/wwwroot/flarum/vendor/zendframework/zend-stratigility/src/Next.php(113): Zend\Stratigility\Dispatch->__invoke(Object(Zend\Stratigility\Route), NULL, Object(Zend\Stratigility\Http\Request), Object(Zend\Stratigility\Http\Response), Object(Zend\Stratigility\Next))
#8 /home/wwwroot/flarum/vendor/flarum/core/src/Http/Middleware/RememberFromCookie.php(38): Zend\Stratigility\Next->__invoke(Object(Zend\Stratigility\Http\Request), Object(Zend\Stratigility\Http\Response))
#9 /home/wwwroot/flarum/vendor/zendframework/zend-stratigility/src/Dispatch.php(82): Flarum\Http\Middleware\RememberFromCookie->__invoke(Object(Zend\Stratigility\Http\Request), Object(Zend\Stratigility\Http\Response), Object(Zend\Stratigility\Next))
#10 /home/wwwroot/flarum/vendor/zendframework/zend-stratigility/src/Next.php(113): Zend\Stratigility\Dispatch->__invoke(Object(Zend\Stratigility\Route), NULL, Object(Zend\Stratigility\Http\Request), Object(Zend\Stratigility\Http\Response), Object(Zend\Stratigility\Next))
#11 /home/wwwroot/flarum/vendor/flarum/core/src/Http/Middleware/StartSession.php(33): Zend\Stratigility\Next->__invoke(Object(Zend\Stratigility\Http\Request), Object(Zend\Stratigility\Http\Response))
#12 /home/wwwroot/flarum/vendor/zendframework/zend-stratigility/src/Dispatch.php(82): Flarum\Http\Middleware\StartSession->__invoke(Object(Zend\Stratigility\Http\Request), Object(Zend\Stratigility\Http\Response), Object(Zend\Stratigility\Next))
#13 /home/wwwroot/flarum/vendor/zendframework/zend-stratigility/src/Next.php(113): Zend\Stratigility\Dispatch->__invoke(Object(Zend\Stratigility\Route), NULL, Object(Zend\Stratigility\Http\Request), Object(Zend\Stratigility\Http\Response), Object(Zend\Stratigility\Next))
#14 /home/wwwroot/flarum/vendor/flarum/core/src/Http/Middleware/ParseJsonBody.php(30): Zend\Stratigility\Next->__invoke(Object(Zend\Stratigility\Http\Request), Object(Zend\Stratigility\Http\Response))
#15 /home/wwwroot/flarum/vendor/zendframework/zend-stratigility/src/Dispatch.php(82): Flarum\Http\Middleware\ParseJsonBody->__invoke(Object(Zend\Stratigility\Http\Request), Object(Zend\Stratigility\Http\Response), Object(Zend\Stratigility\Next))
#16 /home/wwwroot/flarum/vendor/zendframework/zend-stratigility/src/Next.php(113): Zend\Stratigility\Dispatch->__invoke(Object(Zend\Stratigility\Route), NULL, Object(Zend\Stratigility\Http\Request), Object(Zend\Stratigility\Http\Response), Object(Zend\Stratigility\Next))
#17 /home/wwwroot/flarum/vendor/zendframework/zend-stratigility/src/MiddlewarePipe.php(75): Zend\Stratigility\Next->__invoke(Object(Zend\Stratigility\Http\Request), Object(Zend\Stratigility\Http\Response))
#18 /home/wwwroot/flarum/vendor/flarum/core/src/Http/AbstractServer.php(53): Zend\Stratigility\MiddlewarePipe->__invoke(Object(Zend\Diactoros\ServerRequest), Object(Zend\Diactoros\Response), NULL)
#19 /home/wwwroot/flarum/vendor/zendframework/zend-diactoros/src/Server.php(166): Flarum\Http\AbstractServer->__invoke(Object(Zend\Diactoros\ServerRequest), Object(Zend\Diactoros\Response), NULL)
#20 /home/wwwroot/flarum/vendor/flarum/core/src/Http/AbstractServer.php(34): Zend\Diactoros\Server->listen()
#21 /home/wwwroot/flarum/index.php(16): Flarum\Http\AbstractServer->listen()
#22 {main}  
[2016-10-22 03:36:37] production.DEBUG: exception 'Flarum\Http\Exception\RouteNotFoundException' in /home/wwwroot/flarum/vendor/flarum/core/src/Http/Middleware/DispatchRoute.php:62
Stack trace:
#0 /home/wwwroot/flarum/vendor/zendframework/zend-stratigility/src/Dispatch.php(82): Flarum\Http\Middleware\DispatchRoute->__invoke(Object(Zend\Stratigility\Http\Request), Object(Zend\Stratigility\Http\Response), Object(Zend\Stratigility\Next))
#1 /home/wwwroot/flarum/vendor/zendframework/zend-stratigility/src/Next.php(113): Zend\Stratigility\Dispatch->__invoke(Object(Zend\Stratigility\Route), NULL, Object(Zend\Stratigility\Http\Request), Object(Zend\Stratigility\Http\Response), Object(Zend\Stratigility\Next))
#2 /home/wwwroot/flarum/vendor/flarum/core/src/Http/Middleware/SetLocale.php(50): Zend\Stratigility\Next->__invoke(Object(Zend\Stratigility\Http\Request), Object(Zend\Stratigility\Http\Response))
#3 /home/wwwroot/flarum/vendor/zendframework/zend-stratigility/src/Dispatch.php(82): Flarum\Http\Middleware\SetLocale->__invoke(Object(Zend\Stratigility\Http\Request), Object(Zend\Stratigility\Http\Response), Object(Zend\Stratigility\Next))
#4 /home/wwwroot/flarum/vendor/zendframework/zend-stratigility/src/Next.php(113): Zend\Stratigility\Dispatch->__invoke(Object(Zend\Stratigility\Route), NULL, Object(Zend\Stratigility\Http\Request), Object(Zend\Stratigility\Http\Response), Object(Zend\Stratigility\Next))
#5 /home/wwwroot/flarum/vendor/flarum/core/src/Http/Middleware/AuthenticateWithSession.php(33): Zend\Stratigility\Next->__invoke(Object(Zend\Stratigility\Http\Request), Object(Zend\Stratigility\Http\Response))
#6 /home/wwwroot/flarum/vendor/zendframework/zend-stratigility/src/Dispatch.php(82): Flarum\Http\Middleware\AuthenticateWithSession->__invoke(Object(Zend\Stratigility\Http\Request), Object(Zend\Stratigility\Http\Response), Object(Zend\Stratigility\Next))
#7 /home/wwwroot/flarum/vendor/zendframework/zend-stratigility/src/Next.php(113): Zend\Stratigility\Dispatch->__invoke(Object(Zend\Stratigility\Route), NULL, Object(Zend\Stratigility\Http\Request), Object(Zend\Stratigility\Http\Response), Object(Zend\Stratigility\Next))
#8 /home/wwwroot/flarum/vendor/flarum/core/src/Http/Middleware/RememberFromCookie.php(38): Zend\Stratigility\Next->__invoke(Object(Zend\Stratigility\Http\Request), Object(Zend\Stratigility\Http\Response))
#9 /home/wwwroot/flarum/vendor/zendframework/zend-stratigility/src/Dispatch.php(82): Flarum\Http\Middleware\RememberFromCookie->__invoke(Object(Zend\Stratigility\Http\Request), Object(Zend\Stratigility\Http\Response), Object(Zend\Stratigility\Next))
#10 /home/wwwroot/flarum/vendor/zendframework/zend-stratigility/src/Next.php(113): Zend\Stratigility\Dispatch->__invoke(Object(Zend\Stratigility\Route), NULL, Object(Zend\Stratigility\Http\Request), Object(Zend\Stratigility\Http\Response), Object(Zend\Stratigility\Next))
#11 /home/wwwroot/flarum/vendor/flarum/core/src/Http/Middleware/StartSession.php(33): Zend\Stratigility\Next->__invoke(Object(Zend\Stratigility\Http\Request), Object(Zend\Stratigility\Http\Response))
#12 /home/wwwroot/flarum/vendor/zendframework/zend-stratigility/src/Dispatch.php(82): Flarum\Http\Middleware\StartSession->__invoke(Object(Zend\Stratigility\Http\Request), Object(Zend\Stratigility\Http\Response), Object(Zend\Stratigility\Next))
#13 /home/wwwroot/flarum/vendor/zendframework/zend-stratigility/src/Next.php(113): Zend\Stratigility\Dispatch->__invoke(Object(Zend\Stratigility\Route), NULL, Object(Zend\Stratigility\Http\Request), Object(Zend\Stratigility\Http\Response), Object(Zend\Stratigility\Next))
#14 /home/wwwroot/flarum/vendor/flarum/core/src/Http/Middleware/ParseJsonBody.php(30): Zend\Stratigility\Next->__invoke(Object(Zend\Stratigility\Http\Request), Object(Zend\Stratigility\Http\Response))
#15 /home/wwwroot/flarum/vendor/zendframework/zend-stratigility/src/Dispatch.php(82): Flarum\Http\Middleware\ParseJsonBody->__invoke(Object(Zend\Stratigility\Http\Request), Object(Zend\Stratigility\Http\Response), Object(Zend\Stratigility\Next))
#16 /home/wwwroot/flarum/vendor/zendframework/zend-stratigility/src/Next.php(113): Zend\Stratigility\Dispatch->__invoke(Object(Zend\Stratigility\Route), NULL, Object(Zend\Stratigility\Http\Request), Object(Zend\Stratigility\Http\Response), Object(Zend\Stratigility\Next))
#17 /home/wwwroot/flarum/vendor/zendframework/zend-stratigility/src/MiddlewarePipe.php(75): Zend\Stratigility\Next->__invoke(Object(Zend\Stratigility\Http\Request), Object(Zend\Stratigility\Http\Response))
#18 /home/wwwroot/flarum/vendor/flarum/core/src/Http/AbstractServer.php(53): Zend\Stratigility\MiddlewarePipe->__invoke(Object(Zend\Diactoros\ServerRequest), Object(Zend\Diactoros\Response), NULL)
#19 /home/wwwroot/flarum/vendor/zendframework/zend-diactoros/src/Server.php(166): Flarum\Http\AbstractServer->__invoke(Object(Zend\Diactoros\ServerRequest), Object(Zend\Diactoros\Response), NULL)
#20 /home/wwwroot/flarum/vendor/flarum/core/src/Http/AbstractServer.php(34): Zend\Diactoros\Server->listen()
#21 /home/wwwroot/flarum/index.php(16): Flarum\Http\AbstractServer->listen()
#22 {main}  
[2016-10-22 03:42:41] production.DEBUG: exception 'Flarum\Core\Exception\PermissionDeniedException' in /home/wwwroot/flarum/vendor/flarum/core/src/Core/Access/AssertPermissionTrait.php:25
Stack trace:
#0 /home/wwwroot/flarum/vendor/flarum/core/src/Core/Access/AssertPermissionTrait.php(37): Flarum\Admin\Middleware\RequireAdministrateAbility->assertPermission(false)
#1 /home/wwwroot/flarum/vendor/flarum/core/src/Core/Access/AssertPermissionTrait.php(64): Flarum\Admin\Middleware\RequireAdministrateAbility->assertCan(Object(Flarum\Core\Guest), 'administrate')
#2 /home/wwwroot/flarum/vendor/flarum/core/src/Admin/Middleware/RequireAdministrateAbility.php(27): Flarum\Admin\Middleware\RequireAdministrateAbility->assertAdmin(Object(Flarum\Core\Guest))
#3 /home/wwwroot/flarum/vendor/zendframework/zend-stratigility/src/Dispatch.php(82): Flarum\Admin\Middleware\RequireAdministrateAbility->__invoke(Object(Zend\Stratigility\Http\Request), Object(Zend\Stratigility\Http\Response), Object(Zend\Stratigility\Next))
#4 /home/wwwroot/flarum/vendor/zendframework/zend-stratigility/src/Next.php(113): Zend\Stratigility\Dispatch->__invoke(Object(Zend\Stratigility\Route), NULL, Object(Zend\Stratigility\Http\Request), Object(Zend\Stratigility\Http\Response), Object(Zend\Stratigility\Next))
#5 /home/wwwroot/flarum/vendor/flarum/core/src/Http/Middleware/SetLocale.php(50): Zend\Stratigility\Next->__invoke(Object(Zend\Stratigility\Http\Request), Object(Zend\Stratigility\Http\Response))
#6 /home/wwwroot/flarum/vendor/zendframework/zend-stratigility/src/Dispatch.php(82): Flarum\Http\Middleware\SetLocale->__invoke(Object(Zend\Stratigility\Http\Request), Object(Zend\Stratigility\Http\Response), Object(Zend\Stratigility\Next))
#7 /home/wwwroot/flarum/vendor/zendframework/zend-stratigility/src/Next.php(113): Zend\Stratigility\Dispatch->__invoke(Object(Zend\Stratigility\Route), NULL, Object(Zend\Stratigility\Http\Request), Object(Zend\Stratigility\Http\Response), Object(Zend\Stratigility\Next))
#8 /home/wwwroot/flarum/vendor/flarum/core/src/Http/Middleware/AuthenticateWithSession.php(33): Zend\Stratigility\Next->__invoke(Object(Zend\Stratigility\Http\Request), Object(Zend\Stratigility\Http\Response))
#9 /home/wwwroot/flarum/vendor/zendframework/zend-stratigility/src/Dispatch.php(82): Flarum\Http\Middleware\AuthenticateWithSession->__invoke(Object(Zend\Stratigility\Http\Request), Object(Zend\Stratigility\Http\Response), Object(Zend\Stratigility\Next))
#10 /home/wwwroot/flarum/vendor/zendframework/zend-stratigility/src/Next.php(113): Zend\Stratigility\Dispatch->__invoke(Object(Zend\Stratigility\Route), NULL, Object(Zend\Stratigility\Http\Request), Object(Zend\Stratigility\Http\Response), Object(Zend\Stratigility\Next))
#11 /home/wwwroot/flarum/vendor/flarum/core/src/Http/Middleware/RememberFromCookie.php(38): Zend\Stratigility\Next->__invoke(Object(Zend\Stratigility\Http\Request), Object(Zend\Stratigility\Http\Response))
#12 /home/wwwroot/flarum/vendor/zendframework/zend-stratigility/src/Dispatch.php(82): Flarum\Http\Middleware\RememberFromCookie->__invoke(Object(Zend\Stratigility\Http\Request), Object(Zend\Stratigility\Http\Response), Object(Zend\Stratigility\Next))
#13 /home/wwwroot/flarum/vendor/zendframework/zend-stratigility/src/Next.php(113): Zend\Stratigility\Dispatch->__invoke(Object(Zend\Stratigility\Route), NULL, Object(Zend\Stratigility\Http\Request), Object(Zend\Stratigility\Http\Response), Object(Zend\Stratigility\Next))
#14 /home/wwwroot/flarum/vendor/flarum/core/src/Http/Middleware/StartSession.php(33): Zend\Stratigility\Next->__invoke(Object(Zend\Stratigility\Http\Request), Object(Zend\Stratigility\Http\Response))
#15 /home/wwwroot/flarum/vendor/zendframework/zend-stratigility/src/Dispatch.php(82): Flarum\Http\Middleware\StartSession->__invoke(Object(Zend\Stratigility\Http\Request), Object(Zend\Stratigility\Http\Response), Object(Zend\Stratigility\Next))
#16 /home/wwwroot/flarum/vendor/zendframework/zend-stratigility/src/Next.php(113): Zend\Stratigility\Dispatch->__invoke(Object(Zend\Stratigility\Route), NULL, Object(Zend\Stratigility\Http\Request), Object(Zend\Stratigility\Http\Response), Object(Zend\Stratigility\Next))
#17 /home/wwwroot/flarum/vendor/flarum/core/src/Http/Middleware/ParseJsonBody.php(30): Zend\Stratigility\Next->__invoke(Object(Zend\Stratigility\Http\Request), Object(Zend\Stratigility\Http\Response))
#18 /home/wwwroot/flarum/vendor/zendframework/zend-stratigility/src/Dispatch.php(82): Flarum\Http\Middleware\ParseJsonBody->__invoke(Object(Zend\Stratigility\Http\Request), Object(Zend\Stratigility\Http\Response), Object(Zend\Stratigility\Next))
#19 /home/wwwroot/flarum/vendor/zendframework/zend-stratigility/src/Next.php(113): Zend\Stratigility\Dispatch->__invoke(Object(Zend\Stratigility\Route), NULL, Object(Zend\Stratigility\Http\Request), Object(Zend\Stratigility\Http\Response), Object(Zend\Stratigility\Next))
#20 /home/wwwroot/flarum/vendor/zendframework/zend-stratigility/src/MiddlewarePipe.php(75): Zend\Stratigility\Next->__invoke(Object(Zend\Stratigility\Http\Request), Object(Zend\Stratigility\Http\Response))
#21 /home/wwwroot/flarum/vendor/flarum/core/src/Http/AbstractServer.php(53): Zend\Stratigility\MiddlewarePipe->__invoke(Object(Zend\Diactoros\ServerRequest), Object(Zend\Diactoros\Response), NULL)
#22 /home/wwwroot/flarum/vendor/zendframework/zend-diactoros/src/Server.php(166): Flarum\Http\AbstractServer->__invoke(Object(Zend\Diactoros\ServerRequest), Object(Zend\Diactoros\Response), NULL)
#23 /home/wwwroot/flarum/vendor/flarum/core/src/Http/AbstractServer.php(34): Zend\Diactoros\Server->listen()
#24 /home/wwwroot/flarum/admin.php(16): Flarum\Http\AbstractServer->listen()
#25 {main}  
[2016-10-22 03:42:44] production.DEBUG: exception 'Flarum\Core\Exception\PermissionDeniedException' in /home/wwwroot/flarum/vendor/flarum/core/src/Core/Access/AssertPermissionTrait.php:25
Stack trace:
#0 /home/wwwroot/flarum/vendor/flarum/core/src/Core/Access/AssertPermissionTrait.php(37): Flarum\Admin\Middleware\RequireAdministrateAbility->assertPermission(false)
#1 /home/wwwroot/flarum/vendor/flarum/core/src/Core/Access/AssertPermissionTrait.php(64): Flarum\Admin\Middleware\RequireAdministrateAbility->assertCan(Object(Flarum\Core\Guest), 'administrate')
#2 /home/wwwroot/flarum/vendor/flarum/core/src/Admin/Middleware/RequireAdministrateAbility.php(27): Flarum\Admin\Middleware\RequireAdministrateAbility->assertAdmin(Object(Flarum\Core\Guest))
#3 /home/wwwroot/flarum/vendor/zendframework/zend-stratigility/src/Dispatch.php(82): Flarum\Admin\Middleware\RequireAdministrateAbility->__invoke(Object(Zend\Stratigility\Http\Request), Object(Zend\Stratigility\Http\Response), Object(Zend\Stratigility\Next))
#4 /home/wwwroot/flarum/vendor/zendframework/zend-stratigility/src/Next.php(113): Zend\Stratigility\Dispatch->__invoke(Object(Zend\Stratigility\Route), NULL, Object(Zend\Stratigility\Http\Request), Object(Zend\Stratigility\Http\Response), Object(Zend\Stratigility\Next))
#5 /home/wwwroot/flarum/vendor/flarum/core/src/Http/Middleware/SetLocale.php(50): Zend\Stratigility\Next->__invoke(Object(Zend\Stratigility\Http\Request), Object(Zend\Stratigility\Http\Response))
#6 /home/wwwroot/flarum/vendor/zendframework/zend-stratigility/src/Dispatch.php(82): Flarum\Http\Middleware\SetLocale->__invoke(Object(Zend\Stratigility\Http\Request), Object(Zend\Stratigility\Http\Response), Object(Zend\Stratigility\Next))
#7 /home/wwwroot/flarum/vendor/zendframework/zend-stratigility/src/Next.php(113): Zend\Stratigility\Dispatch->__invoke(Object(Zend\Stratigility\Route), NULL, Object(Zend\Stratigility\Http\Request), Object(Zend\Stratigility\Http\Response), Object(Zend\Stratigility\Next))
#8 /home/wwwroot/flarum/vendor/flarum/core/src/Http/Middleware/AuthenticateWithSession.php(33): Zend\Stratigility\Next->__invoke(Object(Zend\Stratigility\Http\Request), Object(Zend\Stratigility\Http\Response))
#9 /home/wwwroot/flarum/vendor/zendframework/zend-stratigility/src/Dispatch.php(82): Flarum\Http\Middleware\AuthenticateWithSession->__invoke(Object(Zend\Stratigility\Http\Request), Object(Zend\Stratigility\Http\Response), Object(Zend\Stratigility\Next))
#10 /home/wwwroot/flarum/vendor/zendframework/zend-stratigility/src/Next.php(113): Zend\Stratigility\Dispatch->__invoke(Object(Zend\Stratigility\Route), NULL, Object(Zend\Stratigility\Http\Request), Object(Zend\Stratigility\Http\Response), Object(Zend\Stratigility\Next))
#11 /home/wwwroot/flarum/vendor/flarum/core/src/Http/Middleware/RememberFromCookie.php(38): Zend\Stratigility\Next->__invoke(Object(Zend\Stratigility\Http\Request), Object(Zend\Stratigility\Http\Response))
#12 /home/wwwroot/flarum/vendor/zendframework/zend-stratigility/src/Dispatch.php(82): Flarum\Http\Middleware\RememberFromCookie->__invoke(Object(Zend\Stratigility\Http\Request), Object(Zend\Stratigility\Http\Response), Object(Zend\Stratigility\Next))
#13 /home/wwwroot/flarum/vendor/zendframework/zend-stratigility/src/Next.php(113): Zend\Stratigility\Dispatch->__invoke(Object(Zend\Stratigility\Route), NULL, Object(Zend\Stratigility\Http\Request), Object(Zend\Stratigility\Http\Response), Object(Zend\Stratigility\Next))
#14 /home/wwwroot/flarum/vendor/flarum/core/src/Http/Middleware/StartSession.php(33): Zend\Stratigility\Next->__invoke(Object(Zend\Stratigility\Http\Request), Object(Zend\Stratigility\Http\Response))
#15 /home/wwwroot/flarum/vendor/zendframework/zend-stratigility/src/Dispatch.php(82): Flarum\Http\Middleware\StartSession->__invoke(Object(Zend\Stratigility\Http\Request), Object(Zend\Stratigility\Http\Response), Object(Zend\Stratigility\Next))
#16 /home/wwwroot/flarum/vendor/zendframework/zend-stratigility/src/Next.php(113): Zend\Stratigility\Dispatch->__invoke(Object(Zend\Stratigility\Route), NULL, Object(Zend\Stratigility\Http\Request), Object(Zend\Stratigility\Http\Response), Object(Zend\Stratigility\Next))
#17 /home/wwwroot/flarum/vendor/flarum/core/src/Http/Middleware/ParseJsonBody.php(30): Zend\Stratigility\Next->__invoke(Object(Zend\Stratigility\Http\Request), Object(Zend\Stratigility\Http\Response))
#18 /home/wwwroot/flarum/vendor/zendframework/zend-stratigility/src/Dispatch.php(82): Flarum\Http\Middleware\ParseJsonBody->__invoke(Object(Zend\Stratigility\Http\Request), Object(Zend\Stratigility\Http\Response), Object(Zend\Stratigility\Next))
#19 /home/wwwroot/flarum/vendor/zendframework/zend-stratigility/src/Next.php(113): Zend\Stratigility\Dispatch->__invoke(Object(Zend\Stratigility\Route), NULL, Object(Zend\Stratigility\Http\Request), Object(Zend\Stratigility\Http\Response), Object(Zend\Stratigility\Next))
#20 /home/wwwroot/flarum/vendor/zendframework/zend-stratigility/src/MiddlewarePipe.php(75): Zend\Stratigility\Next->__invoke(Object(Zend\Stratigility\Http\Request), Object(Zend\Stratigility\Http\Response))
#21 /home/wwwroot/flarum/vendor/flarum/core/src/Http/AbstractServer.php(53): Zend\Stratigility\MiddlewarePipe->__invoke(Object(Zend\Diactoros\ServerRequest), Object(Zend\Diactoros\Response), NULL)
#22 /home/wwwroot/flarum/vendor/zendframework/zend-diactoros/src/Server.php(166): Flarum\Http\AbstractServer->__invoke(Object(Zend\Diactoros\ServerRequest), Object(Zend\Diactoros\Response), NULL)
#23 /home/wwwroot/flarum/vendor/flarum/core/src/Http/AbstractServer.php(34): Zend\Diactoros\Server->listen()
#24 /home/wwwroot/flarum/admin.php(16): Flarum\Http\AbstractServer->listen()
#25 {main}  
[2016-10-22 03:44:18] production.DEBUG: exception 'Flarum\Http\Exception\RouteNotFoundException' in /home/wwwroot/flarum/vendor/flarum/core/src/Http/Middleware/DispatchRoute.php:62
Stack trace:
#0 /home/wwwroot/flarum/vendor/zendframework/zend-stratigility/src/Dispatch.php(82): Flarum\Http\Middleware\DispatchRoute->__invoke(Object(Zend\Stratigility\Http\Request), Object(Zend\Stratigility\Http\Response), Object(Zend\Stratigility\Next))
#1 /home/wwwroot/flarum/vendor/zendframework/zend-stratigility/src/Next.php(113): Zend\Stratigility\Dispatch->__invoke(Object(Zend\Stratigility\Route), NULL, Object(Zend\Stratigility\Http\Request), Object(Zend\Stratigility\Http\Response), Object(Zend\Stratigility\Next))
#2 /home/wwwroot/flarum/vendor/flarum/core/src/Http/Middleware/SetLocale.php(50): Zend\Stratigility\Next->__invoke(Object(Zend\Stratigility\Http\Request), Object(Zend\Stratigility\Http\Response))
#3 /home/wwwroot/flarum/vendor/zendframework/zend-stratigility/src/Dispatch.php(82): Flarum\Http\Middleware\SetLocale->__invoke(Object(Zend\Stratigility\Http\Request), Object(Zend\Stratigility\Http\Response), Object(Zend\Stratigility\Next))
#4 /home/wwwroot/flarum/vendor/zendframework/zend-stratigility/src/Next.php(113): Zend\Stratigility\Dispatch->__invoke(Object(Zend\Stratigility\Route), NULL, Object(Zend\Stratigility\Http\Request), Object(Zend\Stratigility\Http\Response), Object(Zend\Stratigility\Next))
#5 /home/wwwroot/flarum/vendor/flarum/core/src/Http/Middleware/AuthenticateWithSession.php(33): Zend\Stratigility\Next->__invoke(Object(Zend\Stratigility\Http\Request), Object(Zend\Stratigility\Http\Response))
#6 /home/wwwroot/flarum/vendor/zendframework/zend-stratigility/src/Dispatch.php(82): Flarum\Http\Middleware\AuthenticateWithSession->__invoke(Object(Zend\Stratigility\Http\Request), Object(Zend\Stratigility\Http\Response), Object(Zend\Stratigility\Next))
#7 /home/wwwroot/flarum/vendor/zendframework/zend-stratigility/src/Next.php(113): Zend\Stratigility\Dispatch->__invoke(Object(Zend\Stratigility\Route), NULL, Object(Zend\Stratigility\Http\Request), Object(Zend\Stratigility\Http\Response), Object(Zend\Stratigility\Next))
#8 /home/wwwroot/flarum/vendor/flarum/core/src/Http/Middleware/RememberFromCookie.php(38): Zend\Stratigility\Next->__invoke(Object(Zend\Stratigility\Http\Request), Object(Zend\Stratigility\Http\Response))
#9 /home/wwwroot/flarum/vendor/zendframework/zend-stratigility/src/Dispatch.php(82): Flarum\Http\Middleware\RememberFromCookie->__invoke(Object(Zend\Stratigility\Http\Request), Object(Zend\Stratigility\Http\Response), Object(Zend\Stratigility\Next))
#10 /home/wwwroot/flarum/vendor/zendframework/zend-stratigility/src/Next.php(113): Zend\Stratigility\Dispatch->__invoke(Object(Zend\Stratigility\Route), NULL, Object(Zend\Stratigility\Http\Request), Object(Zend\Stratigility\Http\Response), Object(Zend\Stratigility\Next))
#11 /home/wwwroot/flarum/vendor/flarum/core/src/Http/Middleware/StartSession.php(33): Zend\Stratigility\Next->__invoke(Object(Zend\Stratigility\Http\Request), Object(Zend\Stratigility\Http\Response))
#12 /home/wwwroot/flarum/vendor/zendframework/zend-stratigility/src/Dispatch.php(82): Flarum\Http\Middleware\StartSession->__invoke(Object(Zend\Stratigility\Http\Request), Object(Zend\Stratigility\Http\Response), Object(Zend\Stratigility\Next))
#13 /home/wwwroot/flarum/vendor/zendframework/zend-stratigility/src/Next.php(113): Zend\Stratigility\Dispatch->__invoke(Object(Zend\Stratigility\Route), NULL, Object(Zend\Stratigility\Http\Request), Object(Zend\Stratigility\Http\Response), Object(Zend\Stratigility\Next))
#14 /home/wwwroot/flarum/vendor/flarum/core/src/Http/Middleware/ParseJsonBody.php(30): Zend\Stratigility\Next->__invoke(Object(Zend\Stratigility\Http\Request), Object(Zend\Stratigility\Http\Response))
#15 /home/wwwroot/flarum/vendor/zendframework/zend-stratigility/src/Dispatch.php(82): Flarum\Http\Middleware\ParseJsonBody->__invoke(Object(Zend\Stratigility\Http\Request), Object(Zend\Stratigility\Http\Response), Object(Zend\Stratigility\Next))
#16 /home/wwwroot/flarum/vendor/zendframework/zend-stratigility/src/Next.php(113): Zend\Stratigility\Dispatch->__invoke(Object(Zend\Stratigility\Route), NULL, Object(Zend\Stratigility\Http\Request), Object(Zend\Stratigility\Http\Response), Object(Zend\Stratigility\Next))
#17 /home/wwwroot/flarum/vendor/zendframework/zend-stratigility/src/MiddlewarePipe.php(75): Zend\Stratigility\Next->__invoke(Object(Zend\Stratigility\Http\Request), Object(Zend\Stratigility\Http\Response))
#18 /home/wwwroot/flarum/vendor/flarum/core/src/Http/AbstractServer.php(53): Zend\Stratigility\MiddlewarePipe->__invoke(Object(Zend\Diactoros\ServerRequest), Object(Zend\Diactoros\Response), NULL)
#19 /home/wwwroot/flarum/vendor/zendframework/zend-diactoros/src/Server.php(166): Flarum\Http\AbstractServer->__invoke(Object(Zend\Diactoros\ServerRequest), Object(Zend\Diactoros\Response), NULL)
#20 /home/wwwroot/flarum/vendor/flarum/core/src/Http/AbstractServer.php(34): Zend\Diactoros\Server->listen()
#21 /home/wwwroot/flarum/index.php(16): Flarum\Http\AbstractServer->listen()
#22 {main}  
[2016-10-22 05:38:00] production.DEBUG: exception 'Flarum\Http\Exception\RouteNotFoundException' in /home/wwwroot/flarum/vendor/flarum/core/src/Http/Middleware/DispatchRoute.php:62
Stack trace:
#0 /home/wwwroot/flarum/vendor/zendframework/zend-stratigility/src/Dispatch.php(82): Flarum\Http\Middleware\DispatchRoute->__invoke(Object(Zend\Stratigility\Http\Request), Object(Zend\Stratigility\Http\Response), Object(Zend\Stratigility\Next))
#1 /home/wwwroot/flarum/vendor/zendframework/zend-stratigility/src/Next.php(113): Zend\Stratigility\Dispatch->__invoke(Object(Zend\Stratigility\Route), NULL, Object(Zend\Stratigility\Http\Request), Object(Zend\Stratigility\Http\Response), Object(Zend\Stratigility\Next))
#2 /home/wwwroot/flarum/vendor/flarum/core/src/Http/Middleware/SetLocale.php(50): Zend\Stratigility\Next->__invoke(Object(Zend\Stratigility\Http\Request), Object(Zend\Stratigility\Http\Response))
#3 /home/wwwroot/flarum/vendor/zendframework/zend-stratigility/src/Dispatch.php(82): Flarum\Http\Middleware\SetLocale->__invoke(Object(Zend\Stratigility\Http\Request), Object(Zend\Stratigility\Http\Response), Object(Zend\Stratigility\Next))
#4 /home/wwwroot/flarum/vendor/zendframework/zend-stratigility/src/Next.php(113): Zend\Stratigility\Dispatch->__invoke(Object(Zend\Stratigility\Route), NULL, Object(Zend\Stratigility\Http\Request), Object(Zend\Stratigility\Http\Response), Object(Zend\Stratigility\Next))
#5 /home/wwwroot/flarum/vendor/flarum/core/src/Http/Middleware/AuthenticateWithSession.php(33): Zend\Stratigility\Next->__invoke(Object(Zend\Stratigility\Http\Request), Object(Zend\Stratigility\Http\Response))
#6 /home/wwwroot/flarum/vendor/zendframework/zend-stratigility/src/Dispatch.php(82): Flarum\Http\Middleware\AuthenticateWithSession->__invoke(Object(Zend\Stratigility\Http\Request), Object(Zend\Stratigility\Http\Response), Object(Zend\Stratigility\Next))
#7 /home/wwwroot/flarum/vendor/zendframework/zend-stratigility/src/Next.php(113): Zend\Stratigility\Dispatch->__invoke(Object(Zend\Stratigility\Route), NULL, Object(Zend\Stratigility\Http\Request), Object(Zend\Stratigility\Http\Response), Object(Zend\Stratigility\Next))
#8 /home/wwwroot/flarum/vendor/flarum/core/src/Http/Middleware/RememberFromCookie.php(38): Zend\Stratigility\Next->__invoke(Object(Zend\Stratigility\Http\Request), Object(Zend\Stratigility\Http\Response))
#9 /home/wwwroot/flarum/vendor/zendframework/zend-stratigility/src/Dispatch.php(82): Flarum\Http\Middleware\RememberFromCookie->__invoke(Object(Zend\Stratigility\Http\Request), Object(Zend\Stratigility\Http\Response), Object(Zend\Stratigility\Next))
#10 /home/wwwroot/flarum/vendor/zendframework/zend-stratigility/src/Next.php(113): Zend\Stratigility\Dispatch->__invoke(Object(Zend\Stratigility\Route), NULL, Object(Zend\Stratigility\Http\Request), Object(Zend\Stratigility\Http\Response), Object(Zend\Stratigility\Next))
#11 /home/wwwroot/flarum/vendor/flarum/core/src/Http/Middleware/StartSession.php(33): Zend\Stratigility\Next->__invoke(Object(Zend\Stratigility\Http\Request), Object(Zend\Stratigility\Http\Response))
#12 /home/wwwroot/flarum/vendor/zendframework/zend-stratigility/src/Dispatch.php(82): Flarum\Http\Middleware\StartSession->__invoke(Object(Zend\Stratigility\Http\Request), Object(Zend\Stratigility\Http\Response), Object(Zend\Stratigility\Next))
#13 /home/wwwroot/flarum/vendor/zendframework/zend-stratigility/src/Next.php(113): Zend\Stratigility\Dispatch->__invoke(Object(Zend\Stratigility\Route), NULL, Object(Zend\Stratigility\Http\Request), Object(Zend\Stratigility\Http\Response), Object(Zend\Stratigility\Next))
#14 /home/wwwroot/flarum/vendor/flarum/core/src/Http/Middleware/ParseJsonBody.php(30): Zend\Stratigility\Next->__invoke(Object(Zend\Stratigility\Http\Request), Object(Zend\Stratigility\Http\Response))
#15 /home/wwwroot/flarum/vendor/zendframework/zend-stratigility/src/Dispatch.php(82): Flarum\Http\Middleware\ParseJsonBody->__invoke(Object(Zend\Stratigility\Http\Request), Object(Zend\Stratigility\Http\Response), Object(Zend\Stratigility\Next))
#16 /home/wwwroot/flarum/vendor/zendframework/zend-stratigility/src/Next.php(113): Zend\Stratigility\Dispatch->__invoke(Object(Zend\Stratigility\Route), NULL, Object(Zend\Stratigility\Http\Request), Object(Zend\Stratigility\Http\Response), Object(Zend\Stratigility\Next))
#17 /home/wwwroot/flarum/vendor/zendframework/zend-stratigility/src/MiddlewarePipe.php(75): Zend\Stratigility\Next->__invoke(Object(Zend\Stratigility\Http\Request), Object(Zend\Stratigility\Http\Response))
#18 /home/wwwroot/flarum/vendor/flarum/core/src/Http/AbstractServer.php(53): Zend\Stratigility\MiddlewarePipe->__invoke(Object(Zend\Diactoros\ServerRequest), Object(Zend\Diactoros\Response), NULL)
#19 /home/wwwroot/flarum/vendor/zendframework/zend-diactoros/src/Server.php(166): Flarum\Http\AbstractServer->__invoke(Object(Zend\Diactoros\ServerRequest), Object(Zend\Diactoros\Response), NULL)
#20 /home/wwwroot/flarum/vendor/flarum/core/src/Http/AbstractServer.php(34): Zend\Diactoros\Server->listen()
#21 /home/wwwroot/flarum/index.php(16): Flarum\Http\AbstractServer->listen()
#22 {main}  
[2016-10-22 05:42:36] production.DEBUG: exception 'Flarum\Core\Exception\PermissionDeniedException' in /home/wwwroot/flarum/vendor/flarum/core/src/Core/Access/AssertPermissionTrait.php:25
Stack trace:
#0 /home/wwwroot/flarum/vendor/flarum/core/src/Core/Access/AssertPermissionTrait.php(37): Flarum\Admin\Middleware\RequireAdministrateAbility->assertPermission(false)
#1 /home/wwwroot/flarum/vendor/flarum/core/src/Core/Access/AssertPermissionTrait.php(64): Flarum\Admin\Middleware\RequireAdministrateAbility->assertCan(Object(Flarum\Core\Guest), 'administrate')
#2 /home/wwwroot/flarum/vendor/flarum/core/src/Admin/Middleware/RequireAdministrateAbility.php(27): Flarum\Admin\Middleware\RequireAdministrateAbility->assertAdmin(Object(Flarum\Core\Guest))
#3 /home/wwwroot/flarum/vendor/zendframework/zend-stratigility/src/Dispatch.php(82): Flarum\Admin\Middleware\RequireAdministrateAbility->__invoke(Object(Zend\Stratigility\Http\Request), Object(Zend\Stratigility\Http\Response), Object(Zend\Stratigility\Next))
#4 /home/wwwroot/flarum/vendor/zendframework/zend-stratigility/src/Next.php(113): Zend\Stratigility\Dispatch->__invoke(Object(Zend\Stratigility\Route), NULL, Object(Zend\Stratigility\Http\Request), Object(Zend\Stratigility\Http\Response), Object(Zend\Stratigility\Next))
#5 /home/wwwroot/flarum/vendor/flarum/core/src/Http/Middleware/SetLocale.php(50): Zend\Stratigility\Next->__invoke(Object(Zend\Stratigility\Http\Request), Object(Zend\Stratigility\Http\Response))
#6 /home/wwwroot/flarum/vendor/zendframework/zend-stratigility/src/Dispatch.php(82): Flarum\Http\Middleware\SetLocale->__invoke(Object(Zend\Stratigility\Http\Request), Object(Zend\Stratigility\Http\Response), Object(Zend\Stratigility\Next))
#7 /home/wwwroot/flarum/vendor/zendframework/zend-stratigility/src/Next.php(113): Zend\Stratigility\Dispatch->__invoke(Object(Zend\Stratigility\Route), NULL, Object(Zend\Stratigility\Http\Request), Object(Zend\Stratigility\Http\Response), Object(Zend\Stratigility\Next))
#8 /home/wwwroot/flarum/vendor/flarum/core/src/Http/Middleware/AuthenticateWithSession.php(33): Zend\Stratigility\Next->__invoke(Object(Zend\Stratigility\Http\Request), Object(Zend\Stratigility\Http\Response))
#9 /home/wwwroot/flarum/vendor/zendframework/zend-stratigility/src/Dispatch.php(82): Flarum\Http\Middleware\AuthenticateWithSession->__invoke(Object(Zend\Stratigility\Http\Request), Object(Zend\Stratigility\Http\Response), Object(Zend\Stratigility\Next))
#10 /home/wwwroot/flarum/vendor/zendframework/zend-stratigility/src/Next.php(113): Zend\Stratigility\Dispatch->__invoke(Object(Zend\Stratigility\Route), NULL, Object(Zend\Stratigility\Http\Request), Object(Zend\Stratigility\Http\Response), Object(Zend\Stratigility\Next))
#11 /home/wwwroot/flarum/vendor/flarum/core/src/Http/Middleware/RememberFromCookie.php(38): Zend\Stratigility\Next->__invoke(Object(Zend\Stratigility\Http\Request), Object(Zend\Stratigility\Http\Response))
#12 /home/wwwroot/flarum/vendor/zendframework/zend-stratigility/src/Dispatch.php(82): Flarum\Http\Middleware\RememberFromCookie->__invoke(Object(Zend\Stratigility\Http\Request), Object(Zend\Stratigility\Http\Response), Object(Zend\Stratigility\Next))
#13 /home/wwwroot/flarum/vendor/zendframework/zend-stratigility/src/Next.php(113): Zend\Stratigility\Dispatch->__invoke(Object(Zend\Stratigility\Route), NULL, Object(Zend\Stratigility\Http\Request), Object(Zend\Stratigility\Http\Response), Object(Zend\Stratigility\Next))
#14 /home/wwwroot/flarum/vendor/flarum/core/src/Http/Middleware/StartSession.php(33): Zend\Stratigility\Next->__invoke(Object(Zend\Stratigility\Http\Request), Object(Zend\Stratigility\Http\Response))
#15 /home/wwwroot/flarum/vendor/zendframework/zend-stratigility/src/Dispatch.php(82): Flarum\Http\Middleware\StartSession->__invoke(Object(Zend\Stratigility\Http\Request), Object(Zend\Stratigility\Http\Response), Object(Zend\Stratigility\Next))
#16 /home/wwwroot/flarum/vendor/zendframework/zend-stratigility/src/Next.php(113): Zend\Stratigility\Dispatch->__invoke(Object(Zend\Stratigility\Route), NULL, Object(Zend\Stratigility\Http\Request), Object(Zend\Stratigility\Http\Response), Object(Zend\Stratigility\Next))
#17 /home/wwwroot/flarum/vendor/flarum/core/src/Http/Middleware/ParseJsonBody.php(30): Zend\Stratigility\Next->__invoke(Object(Zend\Stratigility\Http\Request), Object(Zend\Stratigility\Http\Response))
#18 /home/wwwroot/flarum/vendor/zendframework/zend-stratigility/src/Dispatch.php(82): Flarum\Http\Middleware\ParseJsonBody->__invoke(Object(Zend\Stratigility\Http\Request), Object(Zend\Stratigility\Http\Response), Object(Zend\Stratigility\Next))
#19 /home/wwwroot/flarum/vendor/zendframework/zend-stratigility/src/Next.php(113): Zend\Stratigility\Dispatch->__invoke(Object(Zend\Stratigility\Route), NULL, Object(Zend\Stratigility\Http\Request), Object(Zend\Stratigility\Http\Response), Object(Zend\Stratigility\Next))
#20 /home/wwwroot/flarum/vendor/zendframework/zend-stratigility/src/MiddlewarePipe.php(75): Zend\Stratigility\Next->__invoke(Object(Zend\Stratigility\Http\Request), Object(Zend\Stratigility\Http\Response))
#21 /home/wwwroot/flarum/vendor/flarum/core/src/Http/AbstractServer.php(53): Zend\Stratigility\MiddlewarePipe->__invoke(Object(Zend\Diactoros\ServerRequest), Object(Zend\Diactoros\Response), NULL)
#22 /home/wwwroot/flarum/vendor/zendframework/zend-diactoros/src/Server.php(166): Flarum\Http\AbstractServer->__invoke(Object(Zend\Diactoros\ServerRequest), Object(Zend\Diactoros\Response), NULL)
#23 /home/wwwroot/flarum/vendor/flarum/core/src/Http/AbstractServer.php(34): Zend\Diactoros\Server->listen()
#24 /home/wwwroot/flarum/admin.php(16): Flarum\Http\AbstractServer->listen()
#25 {main}  
[2016-10-22 05:42:49] production.DEBUG: exception 'Flarum\Core\Exception\PermissionDeniedException' in /home/wwwroot/flarum/vendor/flarum/core/src/Core/Access/AssertPermissionTrait.php:25
Stack trace:
#0 /home/wwwroot/flarum/vendor/flarum/core/src/Core/Access/AssertPermissionTrait.php(37): Flarum\Admin\Middleware\RequireAdministrateAbility->assertPermission(false)
#1 /home/wwwroot/flarum/vendor/flarum/core/src/Core/Access/AssertPermissionTrait.php(64): Flarum\Admin\Middleware\RequireAdministrateAbility->assertCan(Object(Flarum\Core\Guest), 'administrate')
#2 /home/wwwroot/flarum/vendor/flarum/core/src/Admin/Middleware/RequireAdministrateAbility.php(27): Flarum\Admin\Middleware\RequireAdministrateAbility->assertAdmin(Object(Flarum\Core\Guest))
#3 /home/wwwroot/flarum/vendor/zendframework/zend-stratigility/src/Dispatch.php(82): Flarum\Admin\Middleware\RequireAdministrateAbility->__invoke(Object(Zend\Stratigility\Http\Request), Object(Zend\Stratigility\Http\Response), Object(Zend\Stratigility\Next))
#4 /home/wwwroot/flarum/vendor/zendframework/zend-stratigility/src/Next.php(113): Zend\Stratigility\Dispatch->__invoke(Object(Zend\Stratigility\Route), NULL, Object(Zend\Stratigility\Http\Request), Object(Zend\Stratigility\Http\Response), Object(Zend\Stratigility\Next))
#5 /home/wwwroot/flarum/vendor/flarum/core/src/Http/Middleware/SetLocale.php(50): Zend\Stratigility\Next->__invoke(Object(Zend\Stratigility\Http\Request), Object(Zend\Stratigility\Http\Response))
#6 /home/wwwroot/flarum/vendor/zendframework/zend-stratigility/src/Dispatch.php(82): Flarum\Http\Middleware\SetLocale->__invoke(Object(Zend\Stratigility\Http\Request), Object(Zend\Stratigility\Http\Response), Object(Zend\Stratigility\Next))
#7 /home/wwwroot/flarum/vendor/zendframework/zend-stratigility/src/Next.php(113): Zend\Stratigility\Dispatch->__invoke(Object(Zend\Stratigility\Route), NULL, Object(Zend\Stratigility\Http\Request), Object(Zend\Stratigility\Http\Response), Object(Zend\Stratigility\Next))
#8 /home/wwwroot/flarum/vendor/flarum/core/src/Http/Middleware/AuthenticateWithSession.php(33): Zend\Stratigility\Next->__invoke(Object(Zend\Stratigility\Http\Request), Object(Zend\Stratigility\Http\Response))
#9 /home/wwwroot/flarum/vendor/zendframework/zend-stratigility/src/Dispatch.php(82): Flarum\Http\Middleware\AuthenticateWithSession->__invoke(Object(Zend\Stratigility\Http\Request), Object(Zend\Stratigility\Http\Response), Object(Zend\Stratigility\Next))
#10 /home/wwwroot/flarum/vendor/zendframework/zend-stratigility/src/Next.php(113): Zend\Stratigility\Dispatch->__invoke(Object(Zend\Stratigility\Route), NULL, Object(Zend\Stratigility\Http\Request), Object(Zend\Stratigility\Http\Response), Object(Zend\Stratigility\Next))
#11 /home/wwwroot/flarum/vendor/flarum/core/src/Http/Middleware/RememberFromCookie.php(38): Zend\Stratigility\Next->__invoke(Object(Zend\Stratigility\Http\Request), Object(Zend\Stratigility\Http\Response))
#12 /home/wwwroot/flarum/vendor/zendframework/zend-stratigility/src/Dispatch.php(82): Flarum\Http\Middleware\RememberFromCookie->__invoke(Object(Zend\Stratigility\Http\Request), Object(Zend\Stratigility\Http\Response), Object(Zend\Stratigility\Next))
#13 /home/wwwroot/flarum/vendor/zendframework/zend-stratigility/src/Next.php(113): Zend\Stratigility\Dispatch->__invoke(Object(Zend\Stratigility\Route), NULL, Object(Zend\Stratigility\Http\Request), Object(Zend\Stratigility\Http\Response), Object(Zend\Stratigility\Next))
#14 /home/wwwroot/flarum/vendor/flarum/core/src/Http/Middleware/StartSession.php(33): Zend\Stratigility\Next->__invoke(Object(Zend\Stratigility\Http\Request), Object(Zend\Stratigility\Http\Response))
#15 /home/wwwroot/flarum/vendor/zendframework/zend-stratigility/src/Dispatch.php(82): Flarum\Http\Middleware\StartSession->__invoke(Object(Zend\Stratigility\Http\Request), Object(Zend\Stratigility\Http\Response), Object(Zend\Stratigility\Next))
#16 /home/wwwroot/flarum/vendor/zendframework/zend-stratigility/src/Next.php(113): Zend\Stratigility\Dispatch->__invoke(Object(Zend\Stratigility\Route), NULL, Object(Zend\Stratigility\Http\Request), Object(Zend\Stratigility\Http\Response), Object(Zend\Stratigility\Next))
#17 /home/wwwroot/flarum/vendor/flarum/core/src/Http/Middleware/ParseJsonBody.php(30): Zend\Stratigility\Next->__invoke(Object(Zend\Stratigility\Http\Request), Object(Zend\Stratigility\Http\Response))
#18 /home/wwwroot/flarum/vendor/zendframework/zend-stratigility/src/Dispatch.php(82): Flarum\Http\Middleware\ParseJsonBody->__invoke(Object(Zend\Stratigility\Http\Request), Object(Zend\Stratigility\Http\Response), Object(Zend\Stratigility\Next))
#19 /home/wwwroot/flarum/vendor/zendframework/zend-stratigility/src/Next.php(113): Zend\Stratigility\Dispatch->__invoke(Object(Zend\Stratigility\Route), NULL, Object(Zend\Stratigility\Http\Request), Object(Zend\Stratigility\Http\Response), Object(Zend\Stratigility\Next))
#20 /home/wwwroot/flarum/vendor/zendframework/zend-stratigility/src/MiddlewarePipe.php(75): Zend\Stratigility\Next->__invoke(Object(Zend\Stratigility\Http\Request), Object(Zend\Stratigility\Http\Response))
#21 /home/wwwroot/flarum/vendor/flarum/core/src/Http/AbstractServer.php(53): Zend\Stratigility\MiddlewarePipe->__invoke(Object(Zend\Diactoros\ServerRequest), Object(Zend\Diactoros\Response), NULL)
#22 /home/wwwroot/flarum/vendor/zendframework/zend-diactoros/src/Server.php(166): Flarum\Http\AbstractServer->__invoke(Object(Zend\Diactoros\ServerRequest), Object(Zend\Diactoros\Response), NULL)
#23 /home/wwwroot/flarum/vendor/flarum/core/src/Http/AbstractServer.php(34): Zend\Diactoros\Server->listen()
#24 /home/wwwroot/flarum/admin.php(16): Flarum\Http\AbstractServer->listen()
#25 {main}  
[2016-10-22 05:57:46] production.DEBUG: exception 'Flarum\Http\Exception\RouteNotFoundException' in /home/wwwroot/flarum/vendor/flarum/core/src/Http/Middleware/DispatchRoute.php:62
Stack trace:
#0 /home/wwwroot/flarum/vendor/zendframework/zend-stratigility/src/Dispatch.php(82): Flarum\Http\Middleware\DispatchRoute->__invoke(Object(Zend\Stratigility\Http\Request), Object(Zend\Stratigility\Http\Response), Object(Zend\Stratigility\Next))
#1 /home/wwwroot/flarum/vendor/zendframework/zend-stratigility/src/Next.php(113): Zend\Stratigility\Dispatch->__invoke(Object(Zend\Stratigility\Route), NULL, Object(Zend\Stratigility\Http\Request), Object(Zend\Stratigility\Http\Response), Object(Zend\Stratigility\Next))
#2 /home/wwwroot/flarum/vendor/flarum/core/src/Http/Middleware/SetLocale.php(50): Zend\Stratigility\Next->__invoke(Object(Zend\Stratigility\Http\Request), Object(Zend\Stratigility\Http\Response))
#3 /home/wwwroot/flarum/vendor/zendframework/zend-stratigility/src/Dispatch.php(82): Flarum\Http\Middleware\SetLocale->__invoke(Object(Zend\Stratigility\Http\Request), Object(Zend\Stratigility\Http\Response), Object(Zend\Stratigility\Next))
#4 /home/wwwroot/flarum/vendor/zendframework/zend-stratigility/src/Next.php(113): Zend\Stratigility\Dispatch->__invoke(Object(Zend\Stratigility\Route), NULL, Object(Zend\Stratigility\Http\Request), Object(Zend\Stratigility\Http\Response), Object(Zend\Stratigility\Next))
#5 /home/wwwroot/flarum/vendor/flarum/core/src/Http/Middleware/AuthenticateWithSession.php(33): Zend\Stratigility\Next->__invoke(Object(Zend\Stratigility\Http\Request), Object(Zend\Stratigility\Http\Response))
#6 /home/wwwroot/flarum/vendor/zendframework/zend-stratigility/src/Dispatch.php(82): Flarum\Http\Middleware\AuthenticateWithSession->__invoke(Object(Zend\Stratigility\Http\Request), Object(Zend\Stratigility\Http\Response), Object(Zend\Stratigility\Next))
#7 /home/wwwroot/flarum/vendor/zendframework/zend-stratigility/src/Next.php(113): Zend\Stratigility\Dispatch->__invoke(Object(Zend\Stratigility\Route), NULL, Object(Zend\Stratigility\Http\Request), Object(Zend\Stratigility\Http\Response), Object(Zend\Stratigility\Next))
#8 /home/wwwroot/flarum/vendor/flarum/core/src/Http/Middleware/RememberFromCookie.php(38): Zend\Stratigility\Next->__invoke(Object(Zend\Stratigility\Http\Request), Object(Zend\Stratigility\Http\Response))
#9 /home/wwwroot/flarum/vendor/zendframework/zend-stratigility/src/Dispatch.php(82): Flarum\Http\Middleware\RememberFromCookie->__invoke(Object(Zend\Stratigility\Http\Request), Object(Zend\Stratigility\Http\Response), Object(Zend\Stratigility\Next))
#10 /home/wwwroot/flarum/vendor/zendframework/zend-stratigility/src/Next.php(113): Zend\Stratigility\Dispatch->__invoke(Object(Zend\Stratigility\Route), NULL, Object(Zend\Stratigility\Http\Request), Object(Zend\Stratigility\Http\Response), Object(Zend\Stratigility\Next))
#11 /home/wwwroot/flarum/vendor/flarum/core/src/Http/Middleware/StartSession.php(33): Zend\Stratigility\Next->__invoke(Object(Zend\Stratigility\Http\Request), Object(Zend\Stratigility\Http\Response))
#12 /home/wwwroot/flarum/vendor/zendframework/zend-stratigility/src/Dispatch.php(82): Flarum\Http\Middleware\StartSession->__invoke(Object(Zend\Stratigility\Http\Request), Object(Zend\Stratigility\Http\Response), Object(Zend\Stratigility\Next))
#13 /home/wwwroot/flarum/vendor/zendframework/zend-stratigility/src/Next.php(113): Zend\Stratigility\Dispatch->__invoke(Object(Zend\Stratigility\Route), NULL, Object(Zend\Stratigility\Http\Request), Object(Zend\Stratigility\Http\Response), Object(Zend\Stratigility\Next))
#14 /home/wwwroot/flarum/vendor/flarum/core/src/Http/Middleware/ParseJsonBody.php(30): Zend\Stratigility\Next->__invoke(Object(Zend\Stratigility\Http\Request), Object(Zend\Stratigility\Http\Response))
#15 /home/wwwroot/flarum/vendor/zendframework/zend-stratigility/src/Dispatch.php(82): Flarum\Http\Middleware\ParseJsonBody->__invoke(Object(Zend\Stratigility\Http\Request), Object(Zend\Stratigility\Http\Response), Object(Zend\Stratigility\Next))
#16 /home/wwwroot/flarum/vendor/zendframework/zend-stratigility/src/Next.php(113): Zend\Stratigility\Dispatch->__invoke(Object(Zend\Stratigility\Route), NULL, Object(Zend\Stratigility\Http\Request), Object(Zend\Stratigility\Http\Response), Object(Zend\Stratigility\Next))
#17 /home/wwwroot/flarum/vendor/zendframework/zend-stratigility/src/MiddlewarePipe.php(75): Zend\Stratigility\Next->__invoke(Object(Zend\Stratigility\Http\Request), Object(Zend\Stratigility\Http\Response))
#18 /home/wwwroot/flarum/vendor/flarum/core/src/Http/AbstractServer.php(53): Zend\Stratigility\MiddlewarePipe->__invoke(Object(Zend\Diactoros\ServerRequest), Object(Zend\Diactoros\Response), NULL)
#19 /home/wwwroot/flarum/vendor/zendframework/zend-diactoros/src/Server.php(166): Flarum\Http\AbstractServer->__invoke(Object(Zend\Diactoros\ServerRequest), Object(Zend\Diactoros\Response), NULL)
#20 /home/wwwroot/flarum/vendor/flarum/core/src/Http/AbstractServer.php(34): Zend\Diactoros\Server->listen()
#21 /home/wwwroot/flarum/index.php(16): Flarum\Http\AbstractServer->listen()
#22 {main}  
